<?xml version="1.0" encoding="UTF-8"?>
<!-- Generated by org.testng.reporters.JUnitReportReporter -->
<testsuite skipped="0" hostname="vimal" name="com.altimateqa.courses.testsuit.LoginTest" tests="2" failures="0" timestamp="2022-12-12T18:33:25 GMT" time="14.498" errors="0">
  <testcase name="verifyTheErrorMessage" time="8.723" classname="com.altimateqa.courses.testsuit.LoginTest"/>
  <system-out/>
  <testcase name="verifyUserShouldNavigateToLoginPageSuccessfully" time="5.775" classname="com.altimateqa.courses.testsuit.LoginTest"/>
  <system-out/>
</testsuite> <!-- com.altimateqa.courses.testsuit.LoginTest -->
